\BOOKMARK [0][-]{chapter.1}{\376\377\000I\000n\000t\000r\000o\000d\000u\000c\000c\000i\000\363\000n}{}% 1
\BOOKMARK [1][-]{section.1.1}{\376\377\000S\000o\000b\000r\000e\000\040\000e\000s\000t\000e\000\040\000d\000o\000c\000u\000m\000e\000n\000t\000o}{chapter.1}% 2
\BOOKMARK [1][-]{section.1.2}{\376\377\000C\000o\000n\000t\000e\000x\000t\000o\000\040\000d\000e\000\040\000e\000s\000c\000r\000i\000t\000u\000r\000a}{chapter.1}% 3
\BOOKMARK [1][-]{section.1.3}{\376\377\000O\000b\000r\000a\000s}{chapter.1}% 4
\BOOKMARK [1][-]{section.1.4}{\376\377\000V\000e\000r\000s\000i\000o\000n\000e\000s\000\040\000y\000\040\000r\000e\000p\000o\000s\000i\000t\000o\000r\000i\000o\000s}{chapter.1}% 5
\BOOKMARK [1][-]{section.1.5}{\376\377\000I\000n\000v\000e\000s\000t\000i\000g\000a\000c\000i\000\363\000n\000\040\000e\000\040\000i\000n\000m\000e\000r\000s\000i\000\363\000n}{chapter.1}% 6
\BOOKMARK [0][-]{chapter.2}{\376\377\000A\000n\000t\000e\000c\000e\000d\000e\000n\000t\000e\000s}{}% 7
\BOOKMARK [1][-]{section.2.1}{\376\377\000C\000a\000s\000o\000s\000\040\000h\000i\000s\000t\000\363\000r\000i\000c\000o\000s\000\040\000s\000e\000l\000e\000c\000c\000i\000o\000n\000a\000d\000o\000s}{chapter.2}% 8
\BOOKMARK [2][-]{subsection.2.1.1}{\376\377\000D\000o\000c\000u\000m\000e\000n\000t\000a\000\040\000X}{section.2.1}% 9
\BOOKMARK [2][-]{subsection.2.1.2}{\376\377\000G\000e\000n\000e\000r\000a\000c\000i\000\363\000n\000\040\000u\000n\000i\000t\000a\000r\000i\000a}{section.2.1}% 10
\BOOKMARK [2][-]{subsection.2.1.3}{\376\377\000J\000a\000c\000k\000t\000r\000i\000p\000\040\000y\000\040\000l\000a\000\040\000m\000\372\000s\000i\000c\000a\000\040\000c\000o\000n\000e\000c\000t\000a\000d\000a}{section.2.1}% 11
\BOOKMARK [2][-]{subsection.2.1.4}{\376\377\000F\000l\000u\000x\000u\000s\000\040\000y\000\040\000o\000p\000e\000n\000G\000L}{section.2.1}% 12
\BOOKMARK [1][-]{section.2.2}{\376\377\000P\000e\000r\000s\000p\000e\000c\000t\000i\000v\000a\000s}{chapter.2}% 13
\BOOKMARK [1][-]{section.2.3}{\376\377\000P\000r\000o\000y\000e\000c\000t\000o\000s\000\040\000C\000o\000l\000i\000n\000d\000a\000n\000t\000e\000s}{chapter.2}% 14
\BOOKMARK [1][-]{section.2.4}{\376\377\000P\000i\000e\000z\000a\000s\000\040\000y\000\040\000o\000b\000r\000a\000s\000\040\000l\000e\000j\000a\000n\000a\000s}{chapter.2}% 15
\BOOKMARK [2][-]{subsection.2.4.1}{\376\377\000T\000h\000e\000\040\000S\000t\000a\000g\000e\000\040\000i\000s\000\040\000\050\000A\000\051\000L\000i\000v\000e}{section.2.4}% 16
\BOOKMARK [2][-]{subsection.2.4.2}{\376\377\000N\000o\000t\000a\000s\000\040\000d\000e\000\040\000A\000u\000s\000e\000n\000c\000i\000a}{section.2.4}% 17
\BOOKMARK [1][-]{section.2.5}{\376\377\000T\000r\000i\000l\000o\000g\000\355\000a\000\040\000d\000e\000\040\000I\000n\000v\000e\000s\000t\000i\000g\000a\000c\000i\000\363\000n}{chapter.2}% 18
\BOOKMARK [2][-]{subsection.2.5.1}{\376\377\000O\000b\000j\000e\000t\000o\000,\000\040\000P\000a\000i\000s\000a\000j\000e\000\040\000y\000\040\000E\000f\000e\000c\000t\000o}{section.2.5}% 19
\BOOKMARK [2][-]{subsection.2.5.2}{\376\377\000C\000u\000i\000d\000a\000d\000o\000\040\000c\000o\000n\000\040\000l\000a\000\040\000B\000r\000e\000c\000h\000a}{section.2.5}% 20
\BOOKMARK [1][-]{section.2.6}{\376\377\000L\000i\000v\000e\000\040\000C\000o\000d\000i\000n\000g}{chapter.2}% 21
\BOOKMARK [2][-]{subsection.2.6.1}{\376\377\000P\000r\000i\000m\000e\000r\000o\000s\000\040\000P\000a\000s\000o\000s}{section.2.6}% 22
\BOOKMARK [2][-]{subsection.2.6.2}{\376\377\000L\000a\000t\000i\000n\000o\000a\000m\000\351\000r\000i\000c\000a}{section.2.6}% 23
\BOOKMARK [2][-]{subsection.2.6.3}{\376\377\000C\000i\000u\000d\000a\000d\000\040\000d\000e\000\040\000M\000\351\000x\000i\000c\000o}{section.2.6}% 24
\BOOKMARK [1][-]{section.2.7}{\376\377\000P\000i\000e\000z\000a\000s\000\040\000y\000\040\000o\000b\000r\000a\000s\000\040\000c\000e\000r\000c\000a\000n\000a\000s}{chapter.2}% 25
\BOOKMARK [1][-]{section.2.8}{\376\377\000P\000i\000r\000a\000n\000h\000a\000L\000a\000b}{chapter.2}% 26
\BOOKMARK [2][-]{subsection.2.8.1}{\376\377\000C\000i\000c\000l\000o\000\040\000d\000e\000\040\000T\000a\000l\000l\000e\000r\000e\000s}{section.2.8}% 27
\BOOKMARK [2][-]{subsection.2.8.2}{\376\377\000E\000D\000G\000E\000S\000\040\0002\0000\0002\0000}{section.2.8}% 28
\BOOKMARK [0][-]{chapter.3}{\376\377\000C\000a\000s\000o\000s}{}% 29
\BOOKMARK [1][-]{section.3.1}{\376\377\000A\000n\000t\000i}{chapter.3}% 30
\BOOKMARK [2][-]{subsection.3.1.1}{\376\377\000E\000c\000o\000s\000i\000s\000t\000e\000m\000a}{section.3.1}% 31
\BOOKMARK [2][-]{subsection.3.1.2}{\376\377\000L\000a\000\040\000o\000f\000u\000s\000c\000a\000c\000i\000\363\000n\000\040\000c\000o\000m\000o\000\040\000m\000o\000t\000i\000v\000o}{section.3.1}% 32
\BOOKMARK [2][-]{subsection.3.1.3}{\376\377\000L\000a\000\040\000e\000s\000c\000r\000i\000t\000u\000r\000a\000\040\000c\000o\000m\000o\000\040\000r\000o\000d\000e\000o}{section.3.1}% 33
\BOOKMARK [1][-]{section.3.2}{\376\377\000C\000a\000s\000o\000\040\0002}{chapter.3}% 34
\BOOKMARK [0][-]{chapter.4}{\376\377\000E\000f\000e\000c\000t\000o\000s\000\040\000d\000e\000\040\000c\000o\000n\000o\000c\000i\000m\000i\000e\000n\000t\000o}{}% 35
\BOOKMARK [0][-]{chapter.5}{\376\377\000E\000s\000c\000r\000i\000t\000u\000r\000a}{}% 36
\BOOKMARK [0][-]{chapter.6}{\376\377\000C\000o\000n\000c\000l\000u\000s\000i\000o\000n\000e\000s}{}% 37
\BOOKMARK [0][-]{chapter.6}{\376\377\000R\000e\000f\000e\000r\000e\000n\000c\000i\000a\000s}{}% 38
